<?xml version="1.0" encoding="UTF-8"?>
<!-- Generated by org.testng.reporters.JUnitReportReporter -->
<testsuite skipped="2" hostname="USHYDMMEDAVARA3" name="org.sample.AppTest" tests="3" failures="0" timestamp="29 Mar 2018 06:58:42 GMT" time="0.062" errors="0">
  <testcase name="test2" time="0.062" classname="org.sample.AppTest"/>
  <testcase name="test1" classname="org.sample.AppTest">
    <skipped/>
  </testcase> <!-- test1 -->
  <testcase name="test3" classname="org.sample.AppTest">
    <skipped/>
  </testcase> <!-- test3 -->
</testsuite> <!-- org.sample.AppTest -->
